<?xml version="1.0" encoding="UTF-8"?>
<coverage generated="1740494389632" clover="3.2.0">
  <project timestamp="1740494389632" name="All files">
    <metrics statements="29" coveredstatements="11" conditionals="8" coveredconditionals="1" methods="16" coveredmethods="8" elements="53" coveredelements="20" complexity="0" loc="29" ncloc="29" packages="1" files="1" classes="1"/>
    <file name="logic.js" path="C:\Users\spoti\OneDrive\Bureau\TodoListWebApp-1.0.0\logic.js">
      <metrics statements="29" coveredstatements="11" conditionals="8" coveredconditionals="1" methods="16" coveredmethods="8"/>
      <line num="7" count="0" type="stmt"/>
      <line num="8" count="0" type="stmt"/>
      <line num="9" count="0" type="stmt"/>
      <line num="13" count="0" type="stmt"/>
      <line num="17" count="0" type="stmt"/>
      <line num="18" count="0" type="stmt"/>
      <line num="22" count="0" type="stmt"/>
      <line num="23" count="0" type="stmt"/>
      <line num="24" count="0" type="stmt"/>
      <line num="30" count="1" type="stmt"/>
      <line num="34" count="1" type="stmt"/>
      <line num="38" count="1" type="stmt"/>
      <line num="45" count="0" type="cond" truecount="0" falsecount="4"/>
      <line num="47" count="0" type="stmt"/>
      <line num="48" count="0" type="stmt"/>
      <line num="50" count="0" type="stmt"/>
      <line num="51" count="0" type="stmt"/>
      <line num="53" count="0" type="stmt"/>
      <line num="54" count="0" type="stmt"/>
      <line num="56" count="0" type="stmt"/>
      <line num="57" count="0" type="stmt"/>
      <line num="63" count="1" type="stmt"/>
      <line num="74" count="1" type="stmt"/>
      <line num="76" count="1" type="stmt"/>
      <line num="81" count="1" type="stmt"/>
      <line num="84" count="1" type="cond" truecount="1" falsecount="1"/>
      <line num="85" count="1" type="stmt"/>
      <line num="87" count="1" type="stmt"/>
      <line num="92" count="1" type="stmt"/>
    </file>
  </project>
</coverage>
