TN:
SF:logic.js
FN:6,(anonymous_0)
FN:12,(anonymous_1)
FN:16,(anonymous_2)
FN:18,(anonymous_3)
FN:21,(anonymous_4)
FN:23,(anonymous_5)
FN:24,(anonymous_6)
FN:30,(anonymous_7)
FN:34,(anonymous_8)
FN:38,(anonymous_9)
FN:44,reducer
FN:62,addTodo
FN:73,deleteTodo
FN:76,(anonymous_13)
FN:80,completeTodo
FN:83,(anonymous_15)
FNF:16
FNH:8
FNDA:0,(anonymous_0)
FNDA:0,(anonymous_1)
FNDA:0,(anonymous_2)
FNDA:0,(anonymous_3)
FNDA:0,(anonymous_4)
FNDA:0,(anonymous_5)
FNDA:0,(anonymous_6)
FNDA:1,(anonymous_7)
FNDA:1,(anonymous_8)
FNDA:1,(anonymous_9)
FNDA:0,reducer
FNDA:1,addTodo
FNDA:1,deleteTodo
FNDA:1,(anonymous_13)
FNDA:1,completeTodo
FNDA:1,(anonymous_15)
DA:7,0
DA:8,0
DA:9,0
DA:13,0
DA:17,0
DA:18,0
DA:22,0
DA:23,0
DA:24,0
DA:30,1
DA:34,1
DA:38,1
DA:45,0
DA:47,0
DA:48,0
DA:50,0
DA:51,0
DA:53,0
DA:54,0
DA:56,0
DA:57,0
DA:63,1
DA:74,1
DA:76,1
DA:81,1
DA:84,1
DA:85,1
DA:87,1
DA:92,1
LF:29
LH:11
BRDA:6,0,0,0
BRDA:44,1,0,0
BRDA:45,2,0,0
BRDA:45,2,1,0
BRDA:45,2,2,0
BRDA:45,2,3,0
BRDA:84,3,0,1
BRDA:84,3,1,0
BRF:8
BRH:1
end_of_record
